  game.cpp
D:\SpaceInvaders Course\spaceinvaders by sirius\spaceinvaders by sirius\game.hpp(38,51): warning C4305: 'initializing': truncation from 'double' to 'const float'
  (compiling source file 'game.cpp')
  
D:\SpaceInvaders Course\spaceinvaders by sirius\spaceinvaders by sirius\game.cpp(23,27): warning C4244: '=': conversion from 'double' to 'float', possible loss of data
D:\SpaceInvaders Course\spaceinvaders by sirius\spaceinvaders by sirius\game.cpp(24,45): warning C4244: '=': conversion from 'int' to 'float', possible loss of data
D:\SpaceInvaders Course\spaceinvaders by sirius\spaceinvaders by sirius\game.cpp(132,20): warning C4267: 'initializing': conversion from 'size_t' to 'int', possible loss of data
D:\SpaceInvaders Course\spaceinvaders by sirius\spaceinvaders by sirius\game.cpp(133,12): warning C4244: 'initializing': conversion from 'int' to 'float', possible loss of data
D:\SpaceInvaders Course\spaceinvaders by sirius\spaceinvaders by sirius\game.cpp(165,12): warning C4244: 'initializing': conversion from 'int' to 'float', possible loss of data
D:\SpaceInvaders Course\spaceinvaders by sirius\spaceinvaders by sirius\game.cpp(166,12): warning C4244: 'initializing': conversion from 'int' to 'float', possible loss of data
D:\SpaceInvaders Course\spaceinvaders by sirius\spaceinvaders by sirius\game.cpp(207,53): warning C4267: 'argument': conversion from 'size_t' to 'int', possible loss of data
D:\SpaceInvaders Course\spaceinvaders by sirius\spaceinvaders by sirius\game.cpp(211,31): warning C4244: '=': conversion from 'double' to 'float', possible loss of data
D:\SpaceInvaders Course\spaceinvaders by sirius\spaceinvaders by sirius\game.cpp(350,43): warning C4244: '=': conversion from 'int' to 'float', possible loss of data
  main.cpp
D:\SpaceInvaders Course\spaceinvaders by sirius\spaceinvaders by sirius\game.hpp(38,51): warning C4305: 'initializing': truncation from 'double' to 'const float'
  (compiling source file 'main.cpp')
  
D:\SpaceInvaders Course\spaceinvaders by sirius\spaceinvaders by sirius\main.cpp(8,19): warning C4267: 'initializing': conversion from 'size_t' to 'int', possible loss of data
  Generating Code...
  spaceinvaders by sirius.vcxproj -> D:\SpaceInvaders Course\spaceinvaders by sirius\x64\Debug\spaceinvaders by sirius.exe
  'pwsh.exe' is not recognized as an internal or external command,
  operable program or batch file.
